<?xml version="1.0" encoding="UTF-8"?>
<testsuite xmlns:xsi="http://www.w3.org/2001/XMLSchema-instance" xsi:noNamespaceSchemaLocation="https://maven.apache.org/surefire/maven-surefire-plugin/xsd/surefire-test-report.xsd" name="TestSuite" time="313.776" tests="1" errors="0" skipped="0" failures="1">
  <properties>
[...]
</properties>
  <testcase name="AcctoLegalAgreement" classname="com.TestCases.CRM2CLM" time="304.547">
    <failure message="Expected condition failed: waiting for visibility of [[ChromeDriver: chrome on XP (0040f9ee3a901db26a81aa8199a659c7)] -&gt; xpath: //span[text()=&apos;Stage&apos;]/parent::div/following-sibling::div/span/slot//lightning-formatted-text] (tried for 60 second(s) with 500 milliseconds interval)&#10;Build info: version: &apos;3.141.59&apos;, revision: &apos;e82be7d358&apos;, time: &apos;2018-11-14T08:17:03&apos;&#10;System info: host: &apos;LTRSELVANAMBI-1&apos;, ip: &apos;192.168.0.5&apos;, os.name: &apos;Windows 10&apos;, os.arch: &apos;amd64&apos;, os.version: &apos;10.0&apos;, java.version: &apos;14.0.1&apos;&#10;Driver info: org.openqa.selenium.support.events.EventFiringWebDriver&#10;Capabilities {acceptInsecureCerts: false, acceptSslCerts: false, applicationCacheEnabled: false, browserConnectionEnabled: false, browserName: chrome, chrome: {chromedriverVersion: 2.44.609538 (b655c5a60b0b54..., userDataDir: C:\Users\RSELVA~1\AppData\L...}, cssSelectorsEnabled: true, databaseEnabled: false, goog:chromeOptions: {debuggerAddress: localhost:59204}, handlesAlerts: true, hasTouchScreen: false, javascriptEnabled: true, locationContextEnabled: true, mobileEmulationEnabled: false, nativeEvents: true, networkConnectionEnabled: false, pageLoadStrategy: normal, platform: XP, platformName: XP, rotatable: false, setWindowRect: true, takesHeapSnapshot: true, takesScreenshot: true, unexpectedAlertBehaviour: ignore, unhandledPromptBehavior: ignore, version: 84.0.4147.105, webStorageEnabled: true}&#10;Session ID: 0040f9ee3a901db26a81aa8199a659c7" type="org.openqa.selenium.TimeoutException">org.openqa.selenium.TimeoutException: 
Expected condition failed: waiting for visibility of [[ChromeDriver: chrome on XP (0040f9ee3a901db26a81aa8199a659c7)] -> xpath: //span[text()='Stage']/parent::div/following-sibling::div/span/slot//lightning-formatted-text] (tried for 60 second(s) with 500 milliseconds interval)
Build info: version: '3.141.59', revision: 'e82be7d358', time: '2018-11-14T08:17:03'
System info: host: 'LTRSELVANAMBI-1', ip: '192.168.0.5', os.name: 'Windows 10', os.arch: 'amd64', os.version: '10.0', java.version: '14.0.1'
Driver info: org.openqa.selenium.support.events.EventFiringWebDriver
Capabilities {acceptInsecureCerts: false, acceptSslCerts: false, applicationCacheEnabled: false, browserConnectionEnabled: false, browserName: chrome, chrome: {chromedriverVersion: 2.44.609538 (b655c5a60b0b54..., userDataDir: C:\Users\RSELVA~1\AppData\L...}, cssSelectorsEnabled: true, databaseEnabled: false, goog:chromeOptions: {debuggerAddress: localhost:59204}, handlesAlerts: true, hasTouchScreen: false, javascriptEnabled: true, locationContextEnabled: true, mobileEmulationEnabled: false, nativeEvents: true, networkConnectionEnabled: false, pageLoadStrategy: normal, platform: XP, platformName: XP, rotatable: false, setWindowRect: true, takesHeapSnapshot: true, takesScreenshot: true, unexpectedAlertBehaviour: ignore, unhandledPromptBehavior: ignore, version: 84.0.4147.105, webStorageEnabled: true}
Session ID: 0040f9ee3a901db26a81aa8199a659c7
	at com.TestCases.CRM2CLM.AcctoLegalAgreement(CRM2CLM.java:331)
</failure>
    <system-out><![CDATA[clicked on related list Account Team
clicked on related list Addresses
clicked on new
clicked on new
clicked on new
clicked on related list Related Contacts
]]></system-out>
    <system-err><![CDATA[java.lang.NullPointerException
	at com.utlis.TestUtils.getCellContent(TestUtils.java:130)
	at com.utlis.TestUtils.getRunStatus(TestUtils.java:45)
	at com.listener.AnnotationTransformer.transform(AnnotationTransformer.java:21)
	at org.testng.internal.annotations.JDK15AnnotationFinder.transform(JDK15AnnotationFinder.java:150)
	at org.testng.internal.annotations.JDK15AnnotationFinder.findAnnotation(JDK15AnnotationFinder.java:226)
	at org.testng.internal.annotations.JDK15AnnotationFinder.findAnnotation(JDK15AnnotationFinder.java:107)
	at org.testng.internal.TestNGClassFinder.isTestNGClass(TestNGClassFinder.java:310)
	at org.testng.internal.TestNGClassFinder.isNotTestNGClass(TestNGClassFinder.java:295)
	at org.testng.internal.TestNGClassFinder.processClass(TestNGClassFinder.java:145)
	at org.testng.internal.TestNGClassFinder.<init>(TestNGClassFinder.java:121)
	at org.testng.TestRunner.initMethods(TestRunner.java:370)
	at org.testng.TestRunner.init(TestRunner.java:271)
	at org.testng.TestRunner.init(TestRunner.java:241)
	at org.testng.TestRunner.<init>(TestRunner.java:167)
	at org.testng.SuiteRunner$DefaultTestRunnerFactory.newTestRunner(SuiteRunner.java:663)
	at org.testng.SuiteRunner.init(SuiteRunner.java:260)
	at org.testng.SuiteRunner.<init>(SuiteRunner.java:198)
	at org.testng.TestNG.createSuiteRunner(TestNG.java:1295)
	at org.testng.TestNG.createSuiteRunners(TestNG.java:1273)
	at org.testng.TestNG.runSuitesLocally(TestNG.java:1128)
	at org.testng.TestNG.runSuites(TestNG.java:1049)
	at org.testng.TestNG.run(TestNG.java:1017)
	at org.apache.maven.surefire.testng.TestNGExecutor.run(TestNGExecutor.java:283)
	at org.apache.maven.surefire.testng.TestNGXmlTestSuite.execute(TestNGXmlTestSuite.java:75)
	at org.apache.maven.surefire.testng.TestNGProvider.invoke(TestNGProvider.java:120)
	at org.apache.maven.surefire.booter.ForkedBooter.invokeProviderInSameClassLoader(ForkedBooter.java:384)
	at org.apache.maven.surefire.booter.ForkedBooter.runSuitesInProcess(ForkedBooter.java:345)
	at org.apache.maven.surefire.booter.ForkedBooter.execute(ForkedBooter.java:126)
	at org.apache.maven.surefire.booter.ForkedBooter.main(ForkedBooter.java:418)
SLF4J: Failed to load class "org.slf4j.impl.StaticLoggerBinder".
SLF4J: Defaulting to no-operation (NOP) logger implementation
SLF4J: See http://www.slf4j.org/codes.html#StaticLoggerBinder for further details.
Starting ChromeDriver 2.44.609538 (b655c5a60b0b544917107a59d4153d4bf78e1b90) on port 47570
Only local connections are allowed.
Aug 06, 2020 6:24:31 PM org.openqa.selenium.remote.ProtocolHandshake createSession
INFO: Detected dialect: OSS
]]></system-err>
  </testcase>
</testsuite>