<?xml version="1.0" encoding="UTF-8"?>
<!-- Generated by org.testng.reporters.JUnitXMLReporter -->
<testsuite ignored="13" hostname="LTRSELVANAMBI-10" failures="1" tests="1" name="Regression testing" time="312.555" errors="0" timestamp="06 Aug 2020 12:59:41 GMT">
  <testcase classname="com.TestCases.CRM2CLM" name="AcctoLegalAgreement" time="304.541">
    <failure type="org.openqa.selenium.TimeoutException" message="Expected condition failed: waiting for visibility of [[ChromeDriver: chrome on XP (0040f9ee3a901db26a81aa8199a659c7)] -&amp;gt; xpath: //span[text()=&amp;apos;Stage&amp;apos;]/parent::div/following-sibling::div/span/slot//lightning-formatted-text] (tried for 60 second(s) with 500 milliseconds interval)
Build info: version: &amp;apos;3.141.59&amp;apos;, revision: &amp;apos;e82be7d358&amp;apos;, time: &amp;apos;2018-11-14T08:17:03&amp;apos;
System info: host: &amp;apos;LTRSELVANAMBI-1&amp;apos;, ip: &amp;apos;192.168.0.5&amp;apos;, os.name: &amp;apos;Windows 10&amp;apos;, os.arch: &amp;apos;amd64&amp;apos;, os.version: &amp;apos;10.0&amp;apos;, java.version: &amp;apos;14.0.1&amp;apos;
Driver info: org.openqa.selenium.support.events.EventFiringWebDriver
Capabilities {acceptInsecureCerts: false, acceptSslCerts: false, applicationCacheEnabled: false, browserConnectionEnabled: false, browserName: chrome, chrome: {chromedriverVersion: 2.44.609538 (b655c5a60b0b54..., userDataDir: C:\Users\RSELVA~1\AppData\L...}, cssSelectorsEnabled: true, databaseEnabled: false, goog:chromeOptions: {debuggerAddress: localhost:59204}, handlesAlerts: true, hasTouchScreen: false, javascriptEnabled: true, locationContextEnabled: true, mobileEmulationEnabled: false, nativeEvents: true, networkConnectionEnabled: false, pageLoadStrategy: normal, platform: XP, platformName: XP, rotatable: false, setWindowRect: true, takesHeapSnapshot: true, takesScreenshot: true, unexpectedAlertBehaviour: ignore, unhandledPromptBehavior: ignore, version: 84.0.4147.105, webStorageEnabled: true}
Session ID: 0040f9ee3a901db26a81aa8199a659c7">
      <![CDATA[org.openqa.selenium.TimeoutException: Expected condition failed: waiting for visibility of [[ChromeDriver: chrome on XP (0040f9ee3a901db26a81aa8199a659c7)] -> xpath: //span[text()='Stage']/parent::div/following-sibling::div/span/slot//lightning-formatted-text] (tried for 60 second(s) with 500 milliseconds interval)
Build info: version: '3.141.59', revision: 'e82be7d358', time: '2018-11-14T08:17:03'
System info: host: 'LTRSELVANAMBI-1', ip: '192.168.0.5', os.name: 'Windows 10', os.arch: 'amd64', os.version: '10.0', java.version: '14.0.1'
Driver info: org.openqa.selenium.support.events.EventFiringWebDriver
Capabilities {acceptInsecureCerts: false, acceptSslCerts: false, applicationCacheEnabled: false, browserConnectionEnabled: false, browserName: chrome, chrome: {chromedriverVersion: 2.44.609538 (b655c5a60b0b54..., userDataDir: C:\Users\RSELVA~1\AppData\L...}, cssSelectorsEnabled: true, databaseEnabled: false, goog:chromeOptions: {debuggerAddress: localhost:59204}, handlesAlerts: true, hasTouchScreen: false, javascriptEnabled: true, locationContextEnabled: true, mobileEmulationEnabled: false, nativeEvents: true, networkConnectionEnabled: false, pageLoadStrategy: normal, platform: XP, platformName: XP, rotatable: false, setWindowRect: true, takesHeapSnapshot: true, takesScreenshot: true, unexpectedAlertBehaviour: ignore, unhandledPromptBehavior: ignore, version: 84.0.4147.105, webStorageEnabled: true}
Session ID: 0040f9ee3a901db26a81aa8199a659c7
at org.openqa.selenium.support.ui.WebDriverWait.timeoutException(WebDriverWait.java:95)
at org.openqa.selenium.support.ui.FluentWait.until(FluentWait.java:272)
at com.base.BasePage.explicitlyWait(BasePage.java:51)
at com.pages.OpportunitiesPage.getOppStatus(OpportunitiesPage.java:99)
at com.TestCases.CRM2CLM.AcctoLegalAgreement(CRM2CLM.java:331)
... Removed 29 stack frames]]>
    </failure>
  </testcase> <!-- AcctoLegalAgreement -->
  <testcase classname="com.TestCases.LeadsTest" name="LeadstoOpptyConversion" time="0.0">
    <ignored/>
  </testcase> <!-- LeadstoOpptyConversion -->
  <testcase classname="com.TestCases.AccountToQuote" name="AccountCreation" time="0.0">
    <ignored/>
  </testcase> <!-- AccountCreation -->
  <testcase classname="com.TestRunner.BaseTest" name="@AfterSuite afterSuite" time="0.0">
    <ignored/>
  </testcase> <!-- @AfterSuite afterSuite -->
  <testcase classname="com.TestRunner.BaseTest" name="@AfterSuite afterSuite" time="0.0">
    <ignored/>
  </testcase> <!-- @AfterSuite afterSuite -->
  <testcase classname="com.TestRunner.BaseTest" name="@AfterSuite afterSuite" time="0.0">
    <ignored/>
  </testcase> <!-- @AfterSuite afterSuite -->
  <testcase classname="com.TestRunner.BaseTest" name="@AfterSuite afterSuite" time="0.0">
    <ignored/>
  </testcase> <!-- @AfterSuite afterSuite -->
  <testcase classname="com.TestRunner.BaseTest" name="@AfterSuite afterSuite" time="0.0">
    <ignored/>
  </testcase> <!-- @AfterSuite afterSuite -->
  <testcase classname="com.TestCases.ContactsTest" name="VerifyContactsCreation" time="0.0">
    <ignored/>
  </testcase> <!-- VerifyContactsCreation -->
  <testcase classname="com.TestCases.ContactsTest" name="VerifyContactsValidationSkip" time="0.0">
    <ignored/>
  </testcase> <!-- VerifyContactsValidationSkip -->
  <testcase classname="com.TestCases.LeadsTest" name="VerifyMandatoryValidation" time="0.0">
    <ignored/>
  </testcase> <!-- VerifyMandatoryValidation -->
  <testcase classname="com.TestCases.CRM2CPQ" name="LeadtoQuote" time="0.0">
    <ignored/>
  </testcase> <!-- LeadtoQuote -->
  <testcase classname="com.TestCases.OpportunitiesTest" name="VerifyOppValidationFail" time="0.0">
    <ignored/>
  </testcase> <!-- VerifyOppValidationFail -->
  <testcase classname="com.TestCases.OpportunitiesTest" name="VerifyOppsCreation" time="0.0">
    <ignored/>
  </testcase> <!-- VerifyOppsCreation -->
</testsuite> <!-- Regression testing -->
