<?xml version="1.0" encoding="UTF-8"?>
<!-- Generated by org.testng.reporters.JUnitXMLReporter -->
<testsuite hostname="LTSNAMAVARAPU-10" ignored="11" name="Regression testing" tests="1" failures="0" timestamp="31 Jul 2020 18:16:30 GMT" time="243.683" errors="0">
  <testcase name="LeadtoQuote" time="217.041" classname="com.TestCases.CRM2CPQ"/>
  <testcase name="LeadstoOpptyConversion" time="0.0" classname="com.TestCases.LeadsTest">
    <ignored/>
  </testcase> <!-- LeadstoOpptyConversion -->
  <testcase name="AccountCreation" time="0.0" classname="com.TestCases.AccountToQuote">
    <ignored/>
  </testcase> <!-- AccountCreation -->
  <testcase name="@AfterSuite afterSuite" time="0.0" classname="com.TestRunner.BaseTest">
    <ignored/>
  </testcase> <!-- @AfterSuite afterSuite -->
  <testcase name="@AfterSuite afterSuite" time="0.0" classname="com.TestRunner.BaseTest">
    <ignored/>
  </testcase> <!-- @AfterSuite afterSuite -->
  <testcase name="@AfterSuite afterSuite" time="0.0" classname="com.TestRunner.BaseTest">
    <ignored/>
  </testcase> <!-- @AfterSuite afterSuite -->
  <testcase name="@AfterSuite afterSuite" time="0.0" classname="com.TestRunner.BaseTest">
    <ignored/>
  </testcase> <!-- @AfterSuite afterSuite -->
  <testcase name="VerifyContactsCreation" time="0.0" classname="com.TestCases.ContactsTest">
    <ignored/>
  </testcase> <!-- VerifyContactsCreation -->
  <testcase name="VerifyContactsValidationSkip" time="0.0" classname="com.TestCases.ContactsTest">
    <ignored/>
  </testcase> <!-- VerifyContactsValidationSkip -->
  <testcase name="VerifyOppValidationFail" time="0.0" classname="com.TestCases.OpportunitiesTest">
    <ignored/>
  </testcase> <!-- VerifyOppValidationFail -->
  <testcase name="VerifyMandatoryValidation" time="0.0" classname="com.TestCases.LeadsTest">
    <ignored/>
  </testcase> <!-- VerifyMandatoryValidation -->
  <testcase name="VerifyOppsCreation" time="0.0" classname="com.TestCases.OpportunitiesTest">
    <ignored/>
  </testcase> <!-- VerifyOppsCreation -->
</testsuite> <!-- Regression testing -->
